#
# There is insufficient memory for the Java Runtime Environment to continue.
# Native memory allocation (malloc) failed to allocate 275296 bytes for Chunk::new
# Possible reasons:
#   The system is out of physical RAM or swap space
#   The process is running with CompressedOops enabled, and the Java Heap may be blocking the growth of the native heap
# Possible solutions:
#   Reduce memory load on the system
#   Increase physical memory or swap space
#   Check if swap backing store is full
#   Decrease Java heap size (-Xmx/-Xms)
#   Decrease number of Java threads
#   Decrease Java thread stack sizes (-Xss)
#   Set larger code cache with -XX:ReservedCodeCacheSize=
#   JVM is running with Unscaled Compressed Oops mode in which the Java heap is
#     placed in the first 4GB address space. The Java Heap base address is the
#     maximum limit for the native heap growth. Please use -XX:HeapBaseMinAddress
#     to set the Java Heap base and to place the Java Heap above 4GB virtual address.
# This output file may be truncated or incomplete.
#
#  Out of Memory Error (arena.cpp:166), pid=83656, tid=89712
#
# JRE version: Java(TM) SE Runtime Environment (21.0+35) (build 21+35-LTS-2513)
# Java VM: Java HotSpot(TM) 64-Bit Server VM (21+35-LTS-2513, mixed mode, sharing, tiered, compressed oops, compressed class ptrs, g1 gc, windows-amd64)
# No core dump will be written. Minidumps are not enabled by default on client versions of Windows
#

---------------  S U M M A R Y ------------

Command Line: -Dfile.encoding=UTF-8 -Dstdout.encoding=UTF-8 -Dstderr.encoding=UTF-8 -XX:+ShowCodeDetailsInExceptionMessages SnakeGame.SnakeGame

Host: 12th Gen Intel(R) Core(TM) i5-1235U, 12 cores, 7G,  Windows 11 , 64 bit Build 22621 (10.0.22621.3235)
Time: Tue Mar 26 15:52:17 2024 India Standard Time elapsed time: 5095.646062 seconds (0d 1h 24m 55s)

---------------  T H R E A D  ---------------

Current thread (0x0000027a3722c2f0):  JavaThread "C2 CompilerThread0" daemon [_thread_in_native, id=89712, stack(0x0000008af6000000,0x0000008af6100000) (1024K)]


Current CompileTask:
C2:5095646 1301       4       java.awt.EventQueue$4::run (5 bytes)

Stack: [0x0000008af6000000,0x0000008af6100000]
Native frames: (J=compiled Java code, j=interpreted, Vv=VM code, C=native code)
V  [jvm.dll+0x6c8d39]
V  [jvm.dll+0x854091]
V  [jvm.dll+0x85630e]
V  [jvm.dll+0x8569e3]
V  [jvm.dll+0x2809a6]
V  [jvm.dll+0xc3e6d]
V  [jvm.dll+0xc4383]
V  [jvm.dll+0x2f3cbf]
V  [jvm.dll+0x5f3e46]
V  [jvm.dll+0x25291f]
V  [jvm.dll+0x24b053]
V  [jvm.dll+0x248cd3]
V  [jvm.dll+0x1c9b91]
V  [jvm.dll+0x2583e9]
V  [jvm.dll+0x2569ca]
V  [jvm.dll+0x3eef66]
V  [jvm.dll+0x7fd2c8]
V  [jvm.dll+0x6c748d]
C  [ucrtbase.dll+0x29363]
C  [KERNEL32.DLL+0x1257d]
C  [ntdll.dll+0x5aa58]


---------------  P R O C E S S  ---------------

Threads class SMR info:
_java_thread_list=0x0000027a7e0c2c20, length=16, elements={
0x0000027a3721aad0, 0x0000027a3721bf90, 0x0000027a3721d5f0, 0x0000027a3721dc80,
0x0000027a3721f030, 0x0000027a3721cf60, 0x0000027a3722c2f0, 0x0000027a37232210,
0x0000027a3721e310, 0x0000027a3721e9a0, 0x0000027a3721f6c0, 0x0000027a3721fd50,
0x0000027a372203e0, 0x0000027a376d3ee0, 0x0000027a376d31c0, 0x0000027a376d5290
}

Java Threads: ( => current thread )
  0x0000027a3721aad0 JavaThread "Reference Handler"          daemon [_thread_blocked, id=89020, stack(0x0000008af5a00000,0x0000008af5b00000) (1024K)]
  0x0000027a3721bf90 JavaThread "Finalizer"                  daemon [_thread_blocked, id=89908, stack(0x0000008af5b00000,0x0000008af5c00000) (1024K)]
  0x0000027a3721d5f0 JavaThread "Signal Dispatcher"          daemon [_thread_blocked, id=85544, stack(0x0000008af5c00000,0x0000008af5d00000) (1024K)]
  0x0000027a3721dc80 JavaThread "Attach Listener"            daemon [_thread_blocked, id=69756, stack(0x0000008af5d00000,0x0000008af5e00000) (1024K)]
  0x0000027a3721f030 JavaThread "Service Thread"             daemon [_thread_blocked, id=88424, stack(0x0000008af5e00000,0x0000008af5f00000) (1024K)]
  0x0000027a3721cf60 JavaThread "Monitor Deflation Thread"   daemon [_thread_blocked, id=89568, stack(0x0000008af5f00000,0x0000008af6000000) (1024K)]
=>0x0000027a3722c2f0 JavaThread "C2 CompilerThread0"         daemon [_thread_in_native, id=89712, stack(0x0000008af6000000,0x0000008af6100000) (1024K)]
  0x0000027a37232210 JavaThread "C1 CompilerThread0"         daemon [_thread_blocked, id=87568, stack(0x0000008af6100000,0x0000008af6200000) (1024K)]
  0x0000027a3721e310 JavaThread "Notification Thread"        daemon [_thread_blocked, id=27556, stack(0x0000008af6200000,0x0000008af6300000) (1024K)]
  0x0000027a3721e9a0 JavaThread "Common-Cleaner"             daemon [_thread_blocked, id=85508, stack(0x0000008af6300000,0x0000008af6400000) (1024K)]
  0x0000027a3721f6c0 JavaThread "Java2D Disposer"            daemon [_thread_blocked, id=86628, stack(0x0000008af6500000,0x0000008af6600000) (1024K)]
  0x0000027a3721fd50 JavaThread "AWT-Shutdown"                      [_thread_blocked, id=65604, stack(0x0000008af6600000,0x0000008af6700000) (1024K)]
  0x0000027a372203e0 JavaThread "AWT-Windows"                daemon [_thread_in_native, id=86948, stack(0x0000008af6700000,0x0000008af6800000) (1024K)]
  0x0000027a376d3ee0 JavaThread "TimerQueue"                 daemon [_thread_in_Java, id=87128, stack(0x0000008af6900000,0x0000008af6a00000) (1024K)]
  0x0000027a376d31c0 JavaThread "AWT-EventQueue-0"                  [_thread_in_Java, id=80276, stack(0x0000008af6a00000,0x0000008af6b00000) (1024K)]
  0x0000027a376d5290 JavaThread "DestroyJavaVM"                     [_thread_blocked, id=88576, stack(0x0000008af5200000,0x0000008af5300000) (1024K)]
Total: 16

Other Threads:
  0x0000027a371fec70 VMThread "VM Thread"                           [id=89012, stack(0x0000008af5900000,0x0000008af5a00000) (1024K)]
  0x0000027a371e5e00 WatcherThread "VM Periodic Task Thread"        [id=89700, stack(0x0000008af5800000,0x0000008af5900000) (1024K)]
  0x0000027a1a5e79f0 WorkerThread "GC Thread#0"                     [id=87064, stack(0x0000008af5300000,0x0000008af5400000) (1024K)]
  0x0000027a37790180 WorkerThread "GC Thread#1"                     [id=91640, stack(0x0000008af5000000,0x0000008af5100000) (1024K)]
  0x0000027a37790520 WorkerThread "GC Thread#2"                     [id=77872, stack(0x0000008af5100000,0x0000008af5200000) (1024K)]
  0x0000027a377908c0 WorkerThread "GC Thread#3"                     [id=72340, stack(0x0000008af6400000,0x0000008af6500000) (1024K)]
  0x0000027a37791070 WorkerThread "GC Thread#4"                     [id=89512, stack(0x0000008af6800000,0x0000008af6900000) (1024K)]
  0x0000027a37791410 WorkerThread "GC Thread#5"                     [id=67980, stack(0x0000008af6b00000,0x0000008af6c00000) (1024K)]
  0x0000027a375a7290 WorkerThread "GC Thread#6"                     [id=89328, stack(0x0000008af6c00000,0x0000008af6d00000) (1024K)]
  0x0000027a373d38c0 WorkerThread "GC Thread#7"                     [id=75932, stack(0x0000008af6d00000,0x0000008af6e00000) (1024K)]
  0x0000027a373d3c60 WorkerThread "GC Thread#8"                     [id=89944, stack(0x0000008af6e00000,0x0000008af6f00000) (1024K)]
  0x0000027a1a5f88e0 ConcurrentGCThread "G1 Main Marker"            [id=46968, stack(0x0000008af5400000,0x0000008af5500000) (1024K)]
  0x0000027a1a5f9d30 WorkerThread "G1 Conc#0"                       [id=88796, stack(0x0000008af5500000,0x0000008af5600000) (1024K)]
  0x0000027a1a65e6f0 ConcurrentGCThread "G1 Refine#0"               [id=87192, stack(0x0000008af5600000,0x0000008af5700000) (1024K)]
  0x0000027a370b8350 ConcurrentGCThread "G1 Service"                [id=87100, stack(0x0000008af5700000,0x0000008af5800000) (1024K)]
Total: 15

Threads with active compile tasks:
C2 CompilerThread0  5095692 1301       4       java.awt.EventQueue$4::run (5 bytes)
Total: 1

VM state: not at safepoint (normal execution)

VM Mutex/Monitor currently owned by a thread: None

Heap address: 0x0000000084800000, size: 1976 MB, Compressed Oops mode: 32-bit

CDS archive(s) mapped at: [0x0000027a38000000-0x0000027a38c90000-0x0000027a38c90000), size 13172736, SharedBaseAddress: 0x0000027a38000000, ArchiveRelocationMode: 1.
Compressed class space mapped at: 0x0000027a39000000-0x0000027a79000000, reserved size: 1073741824
Narrow klass base: 0x0000027a38000000, Narrow klass shift: 0, Narrow klass range: 0x100000000

GC Precious Log:
 CardTable entry size: 512
 Card Set container configuration: InlinePtr #cards 5 size 8 Array Of Cards #cards 12 size 40 Howl #buckets 4 coarsen threshold 1843 Howl Bitmap #cards 512 size 80 coarsen threshold 460 Card regions per heap region 1 cards per card region 2048
 CPUs: 12 total, 12 available
 Memory: 7903M
 Large Page Support: Disabled
 NUMA Support: Disabled
 Compressed Oops: Enabled (32-bit)
 Heap Region Size: 1M
 Heap Min Capacity: 8M
 Heap Initial Capacity: 124M
 Heap Max Capacity: 1976M
 Pre-touch: Disabled
 Parallel Workers: 10
 Concurrent Workers: 3
 Concurrent Refinement Workers: 10
 Periodic GC: Disabled

Heap:
 garbage-first heap   total 126976K, used 6783K [0x0000000084800000, 0x0000000100000000)
  region size 1024K, 7 young (7168K), 3 survivors (3072K)
 Metaspace       used 6994K, committed 7168K, reserved 1114112K
  class space    used 719K, committed 832K, reserved 1048576K

Heap Regions: E=young(eden), S=young(survivor), O=old, HS=humongous(starts), HC=humongous(continues), CS=collection set, F=free, TAMS=top-at-mark-start, PB=parsable bottom
|   0|0x0000000084800000, 0x0000000084900000, 0x0000000084900000|100%|HS|  |TAMS 0x0000000084800000| PB 0x0000000084800000| Complete 
|   1|0x0000000084900000, 0x0000000084900000, 0x0000000084a00000|  0%| F|  |TAMS 0x0000000084900000| PB 0x0000000084900000| Untracked 
|   2|0x0000000084a00000, 0x0000000084a00000, 0x0000000084b00000|  0%| F|  |TAMS 0x0000000084a00000| PB 0x0000000084a00000| Untracked 
|   3|0x0000000084b00000, 0x0000000084b00000, 0x0000000084c00000|  0%| F|  |TAMS 0x0000000084b00000| PB 0x0000000084b00000| Untracked 
|   4|0x0000000084c00000, 0x0000000084c00000, 0x0000000084d00000|  0%| F|  |TAMS 0x0000000084c00000| PB 0x0000000084c00000| Untracked 
|   5|0x0000000084d00000, 0x0000000084d00000, 0x0000000084e00000|  0%| F|  |TAMS 0x0000000084d00000| PB 0x0000000084d00000| Untracked 
|   6|0x0000000084e00000, 0x0000000084e00000, 0x0000000084f00000|  0%| F|  |TAMS 0x0000000084e00000| PB 0x0000000084e00000| Untracked 
|   7|0x0000000084f00000, 0x0000000084f00000, 0x0000000085000000|  0%| F|  |TAMS 0x0000000084f00000| PB 0x0000000084f00000| Untracked 
|   8|0x0000000085000000, 0x0000000085000000, 0x0000000085100000|  0%| F|  |TAMS 0x0000000085000000| PB 0x0000000085000000| Untracked 
|   9|0x0000000085100000, 0x0000000085100000, 0x0000000085200000|  0%| F|  |TAMS 0x0000000085100000| PB 0x0000000085100000| Untracked 
|  10|0x0000000085200000, 0x0000000085200000, 0x0000000085300000|  0%| F|  |TAMS 0x0000000085200000| PB 0x0000000085200000| Untracked 
|  11|0x0000000085300000, 0x0000000085300000, 0x0000000085400000|  0%| F|  |TAMS 0x0000000085300000| PB 0x0000000085300000| Untracked 
|  12|0x0000000085400000, 0x0000000085400000, 0x0000000085500000|  0%| F|  |TAMS 0x0000000085400000| PB 0x0000000085400000| Untracked 
|  13|0x0000000085500000, 0x0000000085500000, 0x0000000085600000|  0%| F|  |TAMS 0x0000000085500000| PB 0x0000000085500000| Untracked 
|  14|0x0000000085600000, 0x0000000085600000, 0x0000000085700000|  0%| F|  |TAMS 0x0000000085600000| PB 0x0000000085600000| Untracked 
|  15|0x0000000085700000, 0x0000000085700000, 0x0000000085800000|  0%| F|  |TAMS 0x0000000085700000| PB 0x0000000085700000| Untracked 
|  16|0x0000000085800000, 0x0000000085800000, 0x0000000085900000|  0%| F|  |TAMS 0x0000000085800000| PB 0x0000000085800000| Untracked 
|  17|0x0000000085900000, 0x0000000085900000, 0x0000000085a00000|  0%| F|  |TAMS 0x0000000085900000| PB 0x0000000085900000| Untracked 
|  18|0x0000000085a00000, 0x0000000085a00000, 0x0000000085b00000|  0%| F|  |TAMS 0x0000000085a00000| PB 0x0000000085a00000| Untracked 
|  19|0x0000000085b00000, 0x0000000085b00000, 0x0000000085c00000|  0%| F|  |TAMS 0x0000000085b00000| PB 0x0000000085b00000| Untracked 
|  20|0x0000000085c00000, 0x0000000085c00000, 0x0000000085d00000|  0%| F|  |TAMS 0x0000000085c00000| PB 0x0000000085c00000| Untracked 
|  21|0x0000000085d00000, 0x0000000085d00000, 0x0000000085e00000|  0%| F|  |TAMS 0x0000000085d00000| PB 0x0000000085d00000| Untracked 
|  22|0x0000000085e00000, 0x0000000085e00000, 0x0000000085f00000|  0%| F|  |TAMS 0x0000000085e00000| PB 0x0000000085e00000| Untracked 
|  23|0x0000000085f00000, 0x0000000085f00000, 0x0000000086000000|  0%| F|  |TAMS 0x0000000085f00000| PB 0x0000000085f00000| Untracked 
|  24|0x0000000086000000, 0x0000000086000000, 0x0000000086100000|  0%| F|  |TAMS 0x0000000086000000| PB 0x0000000086000000| Untracked 
|  25|0x0000000086100000, 0x0000000086100000, 0x0000000086200000|  0%| F|  |TAMS 0x0000000086100000| PB 0x0000000086100000| Untracked 
|  26|0x0000000086200000, 0x0000000086200000, 0x0000000086300000|  0%| F|  |TAMS 0x0000000086200000| PB 0x0000000086200000| Untracked 
|  27|0x0000000086300000, 0x0000000086300000, 0x0000000086400000|  0%| F|  |TAMS 0x0000000086300000| PB 0x0000000086300000| Untracked 
|  28|0x0000000086400000, 0x0000000086400000, 0x0000000086500000|  0%| F|  |TAMS 0x0000000086400000| PB 0x0000000086400000| Untracked 
|  29|0x0000000086500000, 0x0000000086500000, 0x0000000086600000|  0%| F|  |TAMS 0x0000000086500000| PB 0x0000000086500000| Untracked 
|  30|0x0000000086600000, 0x0000000086600000, 0x0000000086700000|  0%| F|  |TAMS 0x0000000086600000| PB 0x0000000086600000| Untracked 
|  31|0x0000000086700000, 0x0000000086700000, 0x0000000086800000|  0%| F|  |TAMS 0x0000000086700000| PB 0x0000000086700000| Untracked 
|  32|0x0000000086800000, 0x0000000086800000, 0x0000000086900000|  0%| F|  |TAMS 0x0000000086800000| PB 0x0000000086800000| Untracked 
|  33|0x0000000086900000, 0x0000000086900000, 0x0000000086a00000|  0%| F|  |TAMS 0x0000000086900000| PB 0x0000000086900000| Untracked 
|  34|0x0000000086a00000, 0x0000000086a00000, 0x0000000086b00000|  0%| F|  |TAMS 0x0000000086a00000| PB 0x0000000086a00000| Untracked 
|  35|0x0000000086b00000, 0x0000000086b00000, 0x0000000086c00000|  0%| F|  |TAMS 0x0000000086b00000| PB 0x0000000086b00000| Untracked 
|  36|0x0000000086c00000, 0x0000000086c00000, 0x0000000086d00000|  0%| F|  |TAMS 0x0000000086c00000| PB 0x0000000086c00000| Untracked 
|  37|0x0000000086d00000, 0x0000000086d00000, 0x0000000086e00000|  0%| F|  |TAMS 0x0000000086d00000| PB 0x0000000086d00000| Untracked 
|  38|0x0000000086e00000, 0x0000000086e00000, 0x0000000086f00000|  0%| F|  |TAMS 0x0000000086e00000| PB 0x0000000086e00000| Untracked 
|  39|0x0000000086f00000, 0x0000000086f00000, 0x0000000087000000|  0%| F|  |TAMS 0x0000000086f00000| PB 0x0000000086f00000| Untracked 
|  40|0x0000000087000000, 0x0000000087000000, 0x0000000087100000|  0%| F|  |TAMS 0x0000000087000000| PB 0x0000000087000000| Untracked 
|  41|0x0000000087100000, 0x0000000087100000, 0x0000000087200000|  0%| F|  |TAMS 0x0000000087100000| PB 0x0000000087100000| Untracked 
|  42|0x0000000087200000, 0x0000000087200000, 0x0000000087300000|  0%| F|  |TAMS 0x0000000087200000| PB 0x0000000087200000| Untracked 
|  43|0x0000000087300000, 0x0000000087300000, 0x0000000087400000|  0%| F|  |TAMS 0x0000000087300000| PB 0x0000000087300000| Untracked 
|  44|0x0000000087400000, 0x0000000087400000, 0x0000000087500000|  0%| F|  |TAMS 0x0000000087400000| PB 0x0000000087400000| Untracked 
|  45|0x0000000087500000, 0x0000000087500000, 0x0000000087600000|  0%| F|  |TAMS 0x0000000087500000| PB 0x0000000087500000| Untracked 
|  46|0x0000000087600000, 0x0000000087600000, 0x0000000087700000|  0%| F|  |TAMS 0x0000000087600000| PB 0x0000000087600000| Untracked 
|  47|0x0000000087700000, 0x0000000087700000, 0x0000000087800000|  0%| F|  |TAMS 0x0000000087700000| PB 0x0000000087700000| Untracked 
|  48|0x0000000087800000, 0x0000000087800000, 0x0000000087900000|  0%| F|  |TAMS 0x0000000087800000| PB 0x0000000087800000| Untracked 
|  49|0x0000000087900000, 0x0000000087900000, 0x0000000087a00000|  0%| F|  |TAMS 0x0000000087900000| PB 0x0000000087900000| Untracked 
|  50|0x0000000087a00000, 0x0000000087a00000, 0x0000000087b00000|  0%| F|  |TAMS 0x0000000087a00000| PB 0x0000000087a00000| Untracked 
|  51|0x0000000087b00000, 0x0000000087b00000, 0x0000000087c00000|  0%| F|  |TAMS 0x0000000087b00000| PB 0x0000000087b00000| Untracked 
|  52|0x0000000087c00000, 0x0000000087c00000, 0x0000000087d00000|  0%| F|  |TAMS 0x0000000087c00000| PB 0x0000000087c00000| Untracked 
|  53|0x0000000087d00000, 0x0000000087d00000, 0x0000000087e00000|  0%| F|  |TAMS 0x0000000087d00000| PB 0x0000000087d00000| Untracked 
|  54|0x0000000087e00000, 0x0000000087e00000, 0x0000000087f00000|  0%| F|  |TAMS 0x0000000087e00000| PB 0x0000000087e00000| Untracked 
|  55|0x0000000087f00000, 0x0000000087f00000, 0x0000000088000000|  0%| F|  |TAMS 0x0000000087f00000| PB 0x0000000087f00000| Untracked 
|  56|0x0000000088000000, 0x0000000088000000, 0x0000000088100000|  0%| F|  |TAMS 0x0000000088000000| PB 0x0000000088000000| Untracked 
|  57|0x0000000088100000, 0x0000000088100000, 0x0000000088200000|  0%| F|  |TAMS 0x0000000088100000| PB 0x0000000088100000| Untracked 
|  58|0x0000000088200000, 0x0000000088200000, 0x0000000088300000|  0%| F|  |TAMS 0x0000000088200000| PB 0x0000000088200000| Untracked 
|  59|0x0000000088300000, 0x0000000088300000, 0x0000000088400000|  0%| F|  |TAMS 0x0000000088300000| PB 0x0000000088300000| Untracked 
|  60|0x0000000088400000, 0x0000000088400000, 0x0000000088500000|  0%| F|  |TAMS 0x0000000088400000| PB 0x0000000088400000| Untracked 
|  61|0x0000000088500000, 0x0000000088500000, 0x0000000088600000|  0%| F|  |TAMS 0x0000000088500000| PB 0x0000000088500000| Untracked 
|  62|0x0000000088600000, 0x0000000088600000, 0x0000000088700000|  0%| F|  |TAMS 0x0000000088600000| PB 0x0000000088600000| Untracked 
|  63|0x0000000088700000, 0x0000000088700000, 0x0000000088800000|  0%| F|  |TAMS 0x0000000088700000| PB 0x0000000088700000| Untracked 
|  64|0x0000000088800000, 0x0000000088800000, 0x0000000088900000|  0%| F|  |TAMS 0x0000000088800000| PB 0x0000000088800000| Untracked 
|  65|0x0000000088900000, 0x0000000088900000, 0x0000000088a00000|  0%| F|  |TAMS 0x0000000088900000| PB 0x0000000088900000| Untracked 
|  66|0x0000000088a00000, 0x0000000088a00000, 0x0000000088b00000|  0%| F|  |TAMS 0x0000000088a00000| PB 0x0000000088a00000| Untracked 
|  67|0x0000000088b00000, 0x0000000088b00000, 0x0000000088c00000|  0%| F|  |TAMS 0x0000000088b00000| PB 0x0000000088b00000| Untracked 
|  68|0x0000000088c00000, 0x0000000088c00000, 0x0000000088d00000|  0%| F|  |TAMS 0x0000000088c00000| PB 0x0000000088c00000| Untracked 
|  69|0x0000000088d00000, 0x0000000088d00000, 0x0000000088e00000|  0%| F|  |TAMS 0x0000000088d00000| PB 0x0000000088d00000| Untracked 
|  70|0x0000000088e00000, 0x0000000088e00000, 0x0000000088f00000|  0%| F|  |TAMS 0x0000000088e00000| PB 0x0000000088e00000| Untracked 
|  71|0x0000000088f00000, 0x0000000088f00000, 0x0000000089000000|  0%| F|  |TAMS 0x0000000088f00000| PB 0x0000000088f00000| Untracked 
|  72|0x0000000089000000, 0x0000000089000000, 0x0000000089100000|  0%| F|  |TAMS 0x0000000089000000| PB 0x0000000089000000| Untracked 
|  73|0x0000000089100000, 0x0000000089100000, 0x0000000089200000|  0%| F|  |TAMS 0x0000000089100000| PB 0x0000000089100000| Untracked 
|  74|0x0000000089200000, 0x0000000089200000, 0x0000000089300000|  0%| F|  |TAMS 0x0000000089200000| PB 0x0000000089200000| Untracked 
|  75|0x0000000089300000, 0x0000000089300000, 0x0000000089400000|  0%| F|  |TAMS 0x0000000089300000| PB 0x0000000089300000| Untracked 
|  76|0x0000000089400000, 0x0000000089400000, 0x0000000089500000|  0%| F|  |TAMS 0x0000000089400000| PB 0x0000000089400000| Untracked 
|  77|0x0000000089500000, 0x0000000089500000, 0x0000000089600000|  0%| F|  |TAMS 0x0000000089500000| PB 0x0000000089500000| Untracked 
|  78|0x0000000089600000, 0x0000000089600000, 0x0000000089700000|  0%| F|  |TAMS 0x0000000089600000| PB 0x0000000089600000| Untracked 
|  79|0x0000000089700000, 0x0000000089700000, 0x0000000089800000|  0%| F|  |TAMS 0x0000000089700000| PB 0x0000000089700000| Untracked 
|  80|0x0000000089800000, 0x0000000089800000, 0x0000000089900000|  0%| F|  |TAMS 0x0000000089800000| PB 0x0000000089800000| Untracked 
|  81|0x0000000089900000, 0x0000000089900000, 0x0000000089a00000|  0%| F|  |TAMS 0x0000000089900000| PB 0x0000000089900000| Untracked 
|  82|0x0000000089a00000, 0x0000000089a00000, 0x0000000089b00000|  0%| F|  |TAMS 0x0000000089a00000| PB 0x0000000089a00000| Untracked 
|  83|0x0000000089b00000, 0x0000000089b00000, 0x0000000089c00000|  0%| F|  |TAMS 0x0000000089b00000| PB 0x0000000089b00000| Untracked 
|  84|0x0000000089c00000, 0x0000000089c00000, 0x0000000089d00000|  0%| F|  |TAMS 0x0000000089c00000| PB 0x0000000089c00000| Untracked 
|  85|0x0000000089d00000, 0x0000000089d00000, 0x0000000089e00000|  0%| F|  |TAMS 0x0000000089d00000| PB 0x0000000089d00000| Untracked 
|  86|0x0000000089e00000, 0x0000000089e00000, 0x0000000089f00000|  0%| F|  |TAMS 0x0000000089e00000| PB 0x0000000089e00000| Untracked 
|  87|0x0000000089f00000, 0x0000000089f00000, 0x000000008a000000|  0%| F|  |TAMS 0x0000000089f00000| PB 0x0000000089f00000| Untracked 
|  88|0x000000008a000000, 0x000000008a000000, 0x000000008a100000|  0%| F|  |TAMS 0x000000008a000000| PB 0x000000008a000000| Untracked 
|  89|0x000000008a100000, 0x000000008a100000, 0x000000008a200000|  0%| F|  |TAMS 0x000000008a100000| PB 0x000000008a100000| Untracked 
|  90|0x000000008a200000, 0x000000008a200000, 0x000000008a300000|  0%| F|  |TAMS 0x000000008a200000| PB 0x000000008a200000| Untracked 
|  91|0x000000008a300000, 0x000000008a300000, 0x000000008a400000|  0%| F|  |TAMS 0x000000008a300000| PB 0x000000008a300000| Untracked 
|  92|0x000000008a400000, 0x000000008a400000, 0x000000008a500000|  0%| F|  |TAMS 0x000000008a400000| PB 0x000000008a400000| Untracked 
|  93|0x000000008a500000, 0x000000008a500000, 0x000000008a600000|  0%| F|  |TAMS 0x000000008a500000| PB 0x000000008a500000| Untracked 
|  94|0x000000008a600000, 0x000000008a600000, 0x000000008a700000|  0%| F|  |TAMS 0x000000008a600000| PB 0x000000008a600000| Untracked 
|  95|0x000000008a700000, 0x000000008a700000, 0x000000008a800000|  0%| F|  |TAMS 0x000000008a700000| PB 0x000000008a700000| Untracked 
|  96|0x000000008a800000, 0x000000008a800000, 0x000000008a900000|  0%| F|  |TAMS 0x000000008a800000| PB 0x000000008a800000| Untracked 
|  97|0x000000008a900000, 0x000000008a900000, 0x000000008aa00000|  0%| F|  |TAMS 0x000000008a900000| PB 0x000000008a900000| Untracked 
|  98|0x000000008aa00000, 0x000000008aa9ffc0, 0x000000008ab00000| 62%| S|CS|TAMS 0x000000008aa00000| PB 0x000000008aa00000| Complete 
|  99|0x000000008ab00000, 0x000000008ac00000, 0x000000008ac00000|100%| S|CS|TAMS 0x000000008ab00000| PB 0x000000008ab00000| Complete 
| 100|0x000000008ac00000, 0x000000008ad00000, 0x000000008ad00000|100%| S|CS|TAMS 0x000000008ac00000| PB 0x000000008ac00000| Complete 
| 101|0x000000008ad00000, 0x000000008ad00000, 0x000000008ae00000|  0%| F|  |TAMS 0x000000008ad00000| PB 0x000000008ad00000| Untracked 
| 102|0x000000008ae00000, 0x000000008ae00000, 0x000000008af00000|  0%| F|  |TAMS 0x000000008ae00000| PB 0x000000008ae00000| Untracked 
| 103|0x000000008af00000, 0x000000008af00000, 0x000000008b000000|  0%| F|  |TAMS 0x000000008af00000| PB 0x000000008af00000| Untracked 
| 104|0x000000008b000000, 0x000000008b000000, 0x000000008b100000|  0%| F|  |TAMS 0x000000008b000000| PB 0x000000008b000000| Untracked 
| 105|0x000000008b100000, 0x000000008b100000, 0x000000008b200000|  0%| F|  |TAMS 0x000000008b100000| PB 0x000000008b100000| Untracked 
| 106|0x000000008b200000, 0x000000008b200000, 0x000000008b300000|  0%| F|  |TAMS 0x000000008b200000| PB 0x000000008b200000| Untracked 
| 107|0x000000008b300000, 0x000000008b300000, 0x000000008b400000|  0%| F|  |TAMS 0x000000008b300000| PB 0x000000008b300000| Untracked 
| 108|0x000000008b400000, 0x000000008b400000, 0x000000008b500000|  0%| F|  |TAMS 0x000000008b400000| PB 0x000000008b400000| Untracked 
| 109|0x000000008b500000, 0x000000008b500000, 0x000000008b600000|  0%| F|  |TAMS 0x000000008b500000| PB 0x000000008b500000| Untracked 
| 110|0x000000008b600000, 0x000000008b600000, 0x000000008b700000|  0%| F|  |TAMS 0x000000008b600000| PB 0x000000008b600000| Untracked 
| 111|0x000000008b700000, 0x000000008b700000, 0x000000008b800000|  0%| F|  |TAMS 0x000000008b700000| PB 0x000000008b700000| Untracked 
| 112|0x000000008b800000, 0x000000008b800000, 0x000000008b900000|  0%| F|  |TAMS 0x000000008b800000| PB 0x000000008b800000| Untracked 
| 113|0x000000008b900000, 0x000000008b900000, 0x000000008ba00000|  0%| F|  |TAMS 0x000000008b900000| PB 0x000000008b900000| Untracked 
| 114|0x000000008ba00000, 0x000000008ba00000, 0x000000008bb00000|  0%| F|  |TAMS 0x000000008ba00000| PB 0x000000008ba00000| Untracked 
| 115|0x000000008bb00000, 0x000000008bb00000, 0x000000008bc00000|  0%| F|  |TAMS 0x000000008bb00000| PB 0x000000008bb00000| Untracked 
| 116|0x000000008bc00000, 0x000000008bc00000, 0x000000008bd00000|  0%| F|  |TAMS 0x000000008bc00000| PB 0x000000008bc00000| Untracked 
| 117|0x000000008bd00000, 0x000000008bd00000, 0x000000008be00000|  0%| F|  |TAMS 0x000000008bd00000| PB 0x000000008bd00000| Untracked 
| 118|0x000000008be00000, 0x000000008be00000, 0x000000008bf00000|  0%| F|  |TAMS 0x000000008be00000| PB 0x000000008be00000| Untracked 
| 119|0x000000008bf00000, 0x000000008bf00000, 0x000000008c000000|  0%| F|  |TAMS 0x000000008bf00000| PB 0x000000008bf00000| Untracked 
| 120|0x000000008c000000, 0x000000008c0bbb00, 0x000000008c100000| 73%| E|  |TAMS 0x000000008c000000| PB 0x000000008c000000| Complete 
| 121|0x000000008c100000, 0x000000008c200000, 0x000000008c200000|100%| E|CS|TAMS 0x000000008c100000| PB 0x000000008c100000| Complete 
| 122|0x000000008c200000, 0x000000008c300000, 0x000000008c300000|100%| E|CS|TAMS 0x000000008c200000| PB 0x000000008c200000| Complete 
| 123|0x000000008c300000, 0x000000008c400000, 0x000000008c400000|100%| E|CS|TAMS 0x000000008c300000| PB 0x000000008c300000| Complete 

Card table byte_map: [0x0000027a32320000,0x0000027a32700000] _byte_map_base: 0x0000027a31efc000

Marking Bits: (CMBitMap*) 0x0000027a1a5e80f0
 Bits: [0x0000027a32700000, 0x0000027a345e0000)

Polling page: 0x0000027a19d60000

Metaspace:

Usage:
  Non-class:      6.13 MB used.
      Class:    719.15 KB used.
       Both:      6.83 MB used.

Virtual space:
  Non-class space:       64.00 MB reserved,       6.19 MB ( 10%) committed,  1 nodes.
      Class space:        1.00 GB reserved,     832.00 KB ( <1%) committed,  1 nodes.
             Both:        1.06 GB reserved,       7.00 MB ( <1%) committed. 

Chunk freelists:
   Non-Class:  9.00 MB
       Class:  15.23 MB
        Both:  24.23 MB

MaxMetaspaceSize: unlimited
CompressedClassSpaceSize: 1.00 GB
Initial GC threshold: 21.00 MB
Current GC threshold: 21.00 MB
CDS: on
 - commit_granule_bytes: 65536.
 - commit_granule_words: 8192.
 - virtual_space_node_default_size: 8388608.
 - enlarge_chunks_in_place: 1.
 - use_allocation_guard: 0.


Internal statistics:

num_allocs_failed_limit: 0.
num_arena_births: 152.
num_arena_deaths: 0.
num_vsnodes_births: 2.
num_vsnodes_deaths: 0.
num_space_committed: 112.
num_space_uncommitted: 0.
num_chunks_returned_to_freelist: 0.
num_chunks_taken_from_freelist: 194.
num_chunk_merges: 0.
num_chunk_splits: 115.
num_chunks_enlarged: 44.
num_inconsistent_stats: 0.

CodeHeap 'non-profiled nmethods': size=120000Kb used=597Kb max_used=597Kb free=119403Kb
 bounds [0x0000027a2a4c0000, 0x0000027a2a730000, 0x0000027a319f0000]
CodeHeap 'profiled nmethods': size=120000Kb used=2006Kb max_used=2006Kb free=117993Kb
 bounds [0x0000027a229f0000, 0x0000027a22c60000, 0x0000027a29f20000]
CodeHeap 'non-nmethods': size=5760Kb used=1509Kb max_used=1555Kb free=4250Kb
 bounds [0x0000027a29f20000, 0x0000027a2a190000, 0x0000027a2a4c0000]
 total_blobs=1885 nmethods=1300 adapters=490
 compilation: enabled
              stopped_count=0, restarted_count=0
 full_count=0

Compilation events (20 events):
Event: 4218.189 Thread 0x0000027a37232210 nmethod 1290 0x0000027a22be0090 code [0x0000027a22be0240, 0x0000027a22be0468]
Event: 4218.189 Thread 0x0000027a37232210 1291       3       java.lang.ref.ReferenceQueue::enqueue0 (98 bytes)
Event: 4218.189 Thread 0x0000027a37232210 nmethod 1291 0x0000027a22be0510 code [0x0000027a22be0700, 0x0000027a22be0d50]
Event: 4218.195 Thread 0x0000027a37232210 1293       3       java.util.concurrent.locks.AbstractQueuedSynchronizer::signalNext (34 bytes)
Event: 4218.196 Thread 0x0000027a37232210 nmethod 1293 0x0000027a22be0e90 code [0x0000027a22be1080, 0x0000027a22be1548]
Event: 4218.196 Thread 0x0000027a37232210 1294       3       java.lang.ref.ReferenceQueue::poll0 (65 bytes)
Event: 4218.197 Thread 0x0000027a37232210 nmethod 1294 0x0000027a22be1710 code [0x0000027a22be18e0, 0x0000027a22be1e10]
Event: 4638.256 Thread 0x0000027a37232210 1295   !   3       jdk.internal.ref.PhantomCleanable::isListEmpty (34 bytes)
Event: 4638.264 Thread 0x0000027a37232210 nmethod 1295 0x0000027a22be1f10 code [0x0000027a22be20c0, 0x0000027a22be2320]
Event: 4638.265 Thread 0x0000027a37232210 1296       3       jdk.internal.misc.InnocuousThread::eraseThreadLocals (23 bytes)
Event: 4638.268 Thread 0x0000027a37232210 nmethod 1296 0x0000027a22be2410 code [0x0000027a22be25c0, 0x0000027a22be27b0]
Event: 4927.885 Thread 0x0000027a3722c2f0 1297       4       java.util.concurrent.locks.ReentrantLock::unlock (10 bytes)
Event: 4927.907 Thread 0x0000027a3722c2f0 nmethod 1297 0x0000027a2a554e90 code [0x0000027a2a555040, 0x0000027a2a555268]
Event: 5095.351 Thread 0x0000027a37232210 1298   !   3       java.util.concurrent.ConcurrentHashMap::replaceNode (437 bytes)
Event: 5095.364 Thread 0x0000027a37232210 nmethod 1298 0x0000027a22be2810 code [0x0000027a22be2b80, 0x0000027a22be4498]
Event: 5095.364 Thread 0x0000027a37232210 1299       3       java.util.concurrent.ConcurrentHashMap::remove (8 bytes)
Event: 5095.364 Thread 0x0000027a37232210 nmethod 1299 0x0000027a22be5190 code [0x0000027a22be5340, 0x0000027a22be5490]
Event: 5095.382 Thread 0x0000027a37232210 1300       3       java.lang.invoke.MethodType::methodType (21 bytes)
Event: 5095.393 Thread 0x0000027a37232210 nmethod 1300 0x0000027a22be5510 code [0x0000027a22be56e0, 0x0000027a22be58b8]
Event: 5095.579 Thread 0x0000027a3722c2f0 1301       4       java.awt.EventQueue$4::run (5 bytes)

GC Heap History (2 events):
Event: 4218.131 GC heap before
{Heap before GC invocations=0 (full 0):
 garbage-first heap   total 126976K, used 24576K [0x0000000084800000, 0x0000000100000000)
  region size 1024K, 23 young (23552K), 0 survivors (0K)
 Metaspace       used 6976K, committed 7168K, reserved 1114112K
  class space    used 716K, committed 832K, reserved 1048576K
}
Event: 4218.182 GC heap after
{Heap after GC invocations=1 (full 0):
 garbage-first heap   total 126976K, used 3711K [0x0000000084800000, 0x0000000100000000)
  region size 1024K, 3 young (3072K), 3 survivors (3072K)
 Metaspace       used 6976K, committed 7168K, reserved 1114112K
  class space    used 716K, committed 832K, reserved 1048576K
}

Dll operation events (7 events):
Event: 0.010 Loaded shared library C:\Program Files\Java\jdk-21\bin\java.dll
Event: 0.049 Loaded shared library C:\Program Files\Java\jdk-21\bin\jsvml.dll
Event: 0.081 Loaded shared library C:\Program Files\Java\jdk-21\bin\jimage.dll
Event: 0.099 Loaded shared library C:\Program Files\Java\jdk-21\bin\awt.dll
Event: 0.285 Loaded shared library C:\Program Files\Java\jdk-21\bin\zip.dll
Event: 0.374 Loaded shared library C:\Program Files\Java\jdk-21\bin\freetype.dll
Event: 0.375 Loaded shared library C:\Program Files\Java\jdk-21\bin\fontmanager.dll

Deoptimization events (20 events):
Event: 1465.320 Thread 0x0000027a376d31c0 Uncommon trap: trap_request=0xffffff45 fr.pc=0x0000027a2a50ad08 relative=0x0000000000000808
Event: 1465.320 Thread 0x0000027a376d31c0 Uncommon trap: reason=unstable_if action=reinterpret pc=0x0000027a2a50ad08 method=java.util.HashMap.putVal(ILjava/lang/Object;Ljava/lang/Object;ZZ)Ljava/lang/Object; @ 181 c2
Event: 1465.320 Thread 0x0000027a376d31c0 DEOPT PACKING pc=0x0000027a2a50ad08 sp=0x0000008af6afee70
Event: 1465.320 Thread 0x0000027a376d31c0 DEOPT UNPACKING pc=0x0000027a29f746a2 sp=0x0000008af6afee40 mode 2
Event: 4218.183 Thread 0x0000027a3721aad0 Uncommon trap: trap_request=0xffffff45 fr.pc=0x0000027a2a515a30 relative=0x00000000000001f0
Event: 4218.183 Thread 0x0000027a3721aad0 Uncommon trap: reason=unstable_if action=reinterpret pc=0x0000027a2a515a30 method=java.util.concurrent.locks.AbstractQueuedSynchronizer.signalNext(Ljava/util/concurrent/locks/AbstractQueuedSynchronizer$Node;)V @ 17 c2
Event: 4218.184 Thread 0x0000027a3721aad0 DEOPT PACKING pc=0x0000027a2a515a30 sp=0x0000008af5aff390
Event: 4218.184 Thread 0x0000027a3721aad0 DEOPT UNPACKING pc=0x0000027a29f746a2 sp=0x0000008af5aff280 mode 2
Event: 4218.185 Thread 0x0000027a3721aad0 Uncommon trap: trap_request=0xffffff45 fr.pc=0x0000027a2a508028 relative=0x0000000000000268
Event: 4218.185 Thread 0x0000027a3721aad0 Uncommon trap: reason=unstable_if action=reinterpret pc=0x0000027a2a508028 method=java.util.concurrent.locks.AbstractQueuedSynchronizer.signalNext(Ljava/util/concurrent/locks/AbstractQueuedSynchronizer$Node;)V @ 17 c2
Event: 4218.185 Thread 0x0000027a3721aad0 DEOPT PACKING pc=0x0000027a2a508028 sp=0x0000008af5aff320
Event: 4218.185 Thread 0x0000027a3721aad0 DEOPT UNPACKING pc=0x0000027a29f746a2 sp=0x0000008af5aff278 mode 2
Event: 4218.185 Thread 0x0000027a3721aad0 Uncommon trap: trap_request=0xffffff45 fr.pc=0x0000027a2a509b24 relative=0x0000000000000104
Event: 4218.185 Thread 0x0000027a3721aad0 Uncommon trap: reason=unstable_if action=reinterpret pc=0x0000027a2a509b24 method=java.util.concurrent.locks.AbstractQueuedSynchronizer.signalNext(Ljava/util/concurrent/locks/AbstractQueuedSynchronizer$Node;)V @ 17 c2
Event: 4218.185 Thread 0x0000027a3721aad0 DEOPT PACKING pc=0x0000027a2a509b24 sp=0x0000008af5aff2f0
Event: 4218.185 Thread 0x0000027a3721aad0 DEOPT UNPACKING pc=0x0000027a29f746a2 sp=0x0000008af5aff278 mode 2
Event: 5095.574 Thread 0x0000027a376d31c0 Uncommon trap: trap_request=0xffffff45 fr.pc=0x0000027a2a51f90c relative=0x000000000000440c
Event: 5095.574 Thread 0x0000027a376d31c0 Uncommon trap: reason=unstable_if action=reinterpret pc=0x0000027a2a51f90c method=java.awt.EventQueue.coalesceEvent(Ljava/awt/AWTEvent;I)Z @ 16 c2
Event: 5095.574 Thread 0x0000027a376d31c0 DEOPT PACKING pc=0x0000027a2a51f90c sp=0x0000008af6afed50
Event: 5095.574 Thread 0x0000027a376d31c0 DEOPT UNPACKING pc=0x0000027a29f746a2 sp=0x0000008af6afebb8 mode 2

Classes loaded (20 events):
Event: 1.469 Loading class javax/swing/KeyboardManager
Event: 1.470 Loading class javax/swing/KeyboardManager done
Event: 1.470 Loading class javax/swing/Popup$HeavyWeightWindow
Event: 1.470 Loading class sun/awt/ModalExclude
Event: 1.470 Loading class sun/awt/ModalExclude done
Event: 1.470 Loading class javax/swing/JWindow
Event: 1.470 Loading class javax/swing/JWindow done
Event: 1.470 Loading class javax/swing/Popup$HeavyWeightWindow done
Event: 33.369 Loading class java/awt/KeyboardFocusManager$2
Event: 33.369 Loading class java/awt/KeyboardFocusManager$2 done
Event: 33.370 Loading class sun/awt/SunToolkit$1
Event: 33.370 Loading class sun/awt/SunToolkit$1 done
Event: 865.575 Loading class java/security/DomainCombiner
Event: 865.584 Loading class java/security/DomainCombiner done
Event: 5095.528 Loading class java/util/WeakHashMap$KeyIterator
Event: 5095.537 Loading class java/util/WeakHashMap$HashIterator
Event: 5095.540 Loading class java/util/WeakHashMap$HashIterator done
Event: 5095.540 Loading class java/util/WeakHashMap$KeyIterator done
Event: 5095.562 Loading class javax/swing/RepaintManager$DisplayChangedRunnable
Event: 5095.570 Loading class javax/swing/RepaintManager$DisplayChangedRunnable done

Classes unloaded (0 events):
No events

Classes redefined (0 events):
No events

Internal exceptions (12 events):
Event: 0.087 Thread 0x0000027a18379240 Exception <a 'java/lang/ClassNotFoundException'{0x000000008c24a590}: sun/awt/resources/spi/awtProvider> (0x000000008c24a590) 
thrown [s\open\src\hotspot\share\classfile\systemDictionary.cpp, line 312]
Event: 0.109 Thread 0x0000027a18379240 Exception <a 'java/io/FileNotFoundException'{0x000000008c11a3f0}> (0x000000008c11a3f0) 
thrown [s\open\src\hotspot\share\prims\jni.cpp, line 520]
Event: 0.113 Thread 0x0000027a18379240 Exception <a 'java/io/FileNotFoundException'{0x000000008c144418}> (0x000000008c144418) 
thrown [s\open\src\hotspot\share\prims\jni.cpp, line 520]
Event: 0.198 Thread 0x0000027a18379240 Exception <a 'java/lang/NoSuchMethodError'{0x000000008c1da018}: 'void java.lang.invoke.DirectMethodHandle$Holder.invokeSpecial(java.lang.Object, java.lang.Object, java.lang.Object)'> (0x000000008c1da018) 
thrown [s\open\src\hotspot\share\interpreter\linkResolver.cpp, line 773]
Event: 0.219 Thread 0x0000027a18379240 Exception <a 'java/lang/NoSuchMethodError'{0x000000008bf008b8}: 'java.lang.Object java.lang.invoke.DirectMethodHandle$Holder.newInvokeSpecial(java.lang.Object, java.lang.Object, java.lang.Object, java.lang.Object, java.lang.Object)'> (0x000000008bf008b8) 
thrown [s\open\src\hotspot\share\interpreter\linkResolver.cpp, line 773]
Event: 0.230 Thread 0x0000027a18379240 Exception <a 'java/lang/NoSuchMethodError'{0x000000008bf2c440}: 'java.lang.Object java.lang.invoke.DirectMethodHandle$Holder.invokeStatic(java.lang.Object, int, java.lang.Object)'> (0x000000008bf2c440) 
thrown [s\open\src\hotspot\share\interpreter\linkResolver.cpp, line 773]
Event: 0.252 Thread 0x0000027a18379240 Exception <a 'java/lang/ClassNotFoundException'{0x000000008bfcb6b0}: com/sun/swing/internal/plaf/metal/resources/spi/metalProvider> (0x000000008bfcb6b0) 
thrown [s\open\src\hotspot\share\classfile\systemDictionary.cpp, line 312]
Event: 0.253 Thread 0x0000027a18379240 Exception <a 'java/lang/ClassNotFoundException'{0x000000008bfcf640}: com/sun/swing/internal/plaf/basic/resources/spi/basicProvider> (0x000000008bfcf640) 
thrown [s\open\src\hotspot\share\classfile\systemDictionary.cpp, line 312]
Event: 0.262 Thread 0x0000027a18379240 Exception <a 'java/lang/NoSuchMethodError'{0x000000008bfef048}: 'int java.lang.invoke.Invokers$Holder.invokeExact_MT(java.lang.Object, java.lang.Object)'> (0x000000008bfef048) 
thrown [s\open\src\hotspot\share\interpreter\linkResolver.cpp, line 773]
Event: 0.327 Thread 0x0000027a376d6640 Exception <a 'java/lang/NoSuchMethodError'{0x000000008bda4030}: 'java.lang.Object java.lang.invoke.DirectMethodHandle$Holder.newInvokeSpecial(java.lang.Object, java.lang.Object, java.lang.Object, int, int, int, int, int)'> (0x000000008bda4030) 
thrown [s\open\src\hotspot\share\interpreter\linkResolver.cpp, line 773]
Event: 0.350 Thread 0x0000027a372203e0 Exception <a 'java/lang/NoSuchMethodError'{0x000000008c00e618}: 'void java.lang.invoke.DirectMethodHandle$Holder.invokeVirtual(java.lang.Object, java.lang.Object)'> (0x000000008c00e618) 
thrown [s\open\src\hotspot\share\interpreter\linkResolver.cpp, line 773]
Event: 0.368 Thread 0x0000027a18379240 Exception <a 'java/lang/NoSuchMethodError'{0x000000008bc97268}: 'void java.lang.invoke.DirectMethodHandle$Holder.invokeStaticInit(java.lang.Object)'> (0x000000008bc97268) 
thrown [s\open\src\hotspot\share\interpreter\linkResolver.cpp, line 773]

ZGC Phase Switch (0 events):
No events

VM Operations (20 events):
Event: 383.213 Executing VM operation: Cleanup
Event: 383.213 Executing VM operation: Cleanup done
Event: 416.569 Executing VM operation: Cleanup
Event: 416.569 Executing VM operation: Cleanup done
Event: 418.584 Executing VM operation: Cleanup
Event: 418.584 Executing VM operation: Cleanup done
Event: 531.703 Executing VM operation: Cleanup
Event: 531.703 Executing VM operation: Cleanup done
Event: 632.714 Executing VM operation: Cleanup
Event: 632.714 Executing VM operation: Cleanup done
Event: 1464.006 Executing VM operation: Cleanup
Event: 1464.022 Executing VM operation: Cleanup done
Event: 1466.033 Executing VM operation: Cleanup
Event: 1466.033 Executing VM operation: Cleanup done
Event: 1569.278 Executing VM operation: Cleanup
Event: 1569.278 Executing VM operation: Cleanup done
Event: 4218.126 Executing VM operation: G1CollectForAllocation (G1 Evacuation Pause)
Event: 4218.182 Executing VM operation: G1CollectForAllocation (G1 Evacuation Pause) done
Event: 4219.188 Executing VM operation: Cleanup
Event: 4219.188 Executing VM operation: Cleanup done

Events (20 events):
Event: 0.028 Thread 0x0000027a18379240 Thread added: 0x0000027a18379240
Event: 0.047 Thread 0x0000027a3721aad0 Thread added: 0x0000027a3721aad0
Event: 0.047 Thread 0x0000027a3721bf90 Thread added: 0x0000027a3721bf90
Event: 0.047 Thread 0x0000027a3721d5f0 Thread added: 0x0000027a3721d5f0
Event: 0.047 Thread 0x0000027a3721dc80 Thread added: 0x0000027a3721dc80
Event: 0.047 Thread 0x0000027a3721f030 Thread added: 0x0000027a3721f030
Event: 0.047 Thread 0x0000027a3721cf60 Thread added: 0x0000027a3721cf60
Event: 0.047 Thread 0x0000027a3722c2f0 Thread added: 0x0000027a3722c2f0
Event: 0.047 Thread 0x0000027a37232210 Thread added: 0x0000027a37232210
Event: 0.064 Thread 0x0000027a3721e310 Thread added: 0x0000027a3721e310
Event: 0.066 Thread 0x0000027a3721e9a0 Thread added: 0x0000027a3721e9a0
Event: 0.150 Thread 0x0000027a3721f6c0 Thread added: 0x0000027a3721f6c0
Event: 0.152 Thread 0x0000027a3721fd50 Thread added: 0x0000027a3721fd50
Event: 0.153 Thread 0x0000027a372203e0 Thread added: 0x0000027a372203e0
Event: 0.269 Thread 0x0000027a376d6640 Thread added: 0x0000027a376d6640
Event: 0.343 Thread 0x0000027a376d3ee0 Thread added: 0x0000027a376d3ee0
Event: 0.352 Thread 0x0000027a376d31c0 Thread added: 0x0000027a376d31c0
Event: 0.459 Thread 0x0000027a18379240 Thread exited: 0x0000027a18379240
Event: 0.459 Thread 0x0000027a376d5290 Thread added: 0x0000027a376d5290
Event: 5.357 Thread 0x0000027a376d6640 Thread exited: 0x0000027a376d6640


Dynamic libraries:
0x00007ff7c52a0000 - 0x00007ff7c52b0000 	C:\Program Files\Java\jdk-21\bin\javaw.exe
0x00007ffae8c30000 - 0x00007ffae8e46000 	C:\WINDOWS\SYSTEM32\ntdll.dll
0x00007ffae71b0000 - 0x00007ffae7274000 	C:\WINDOWS\System32\KERNEL32.DLL
0x00007ffae6090000 - 0x00007ffae6436000 	C:\WINDOWS\System32\KERNELBASE.dll
0x00007ffae67c0000 - 0x00007ffae68d1000 	C:\WINDOWS\System32\ucrtbase.dll
0x00007ffad6e10000 - 0x00007ffad6e29000 	C:\Program Files\Java\jdk-21\bin\jli.dll
0x00007ffae7e00000 - 0x00007ffae7eb2000 	C:\WINDOWS\System32\ADVAPI32.dll
0x00007ffae7080000 - 0x00007ffae7127000 	C:\WINDOWS\System32\msvcrt.dll
0x00007ffae8b40000 - 0x00007ffae8be8000 	C:\WINDOWS\System32\sechost.dll
0x00007ffae6440000 - 0x00007ffae6468000 	C:\WINDOWS\System32\bcrypt.dll
0x00007ffae6ea0000 - 0x00007ffae6fb5000 	C:\WINDOWS\System32\RPCRT4.dll
0x00007ffae69e0000 - 0x00007ffae6b8d000 	C:\WINDOWS\System32\USER32.dll
0x00007ffae6720000 - 0x00007ffae6746000 	C:\WINDOWS\System32\win32u.dll
0x00007ffae6cd0000 - 0x00007ffae6cf9000 	C:\WINDOWS\System32\GDI32.dll
0x00007ffae5f70000 - 0x00007ffae6088000 	C:\WINDOWS\System32\gdi32full.dll
0x00007ffae68e0000 - 0x00007ffae697a000 	C:\WINDOWS\System32\msvcp_win.dll
0x00007ffacd7c0000 - 0x00007ffacd7db000 	C:\Program Files\Java\jdk-21\bin\VCRUNTIME140.dll
0x00007ffabcdd0000 - 0x00007ffabd063000 	C:\WINDOWS\WinSxS\amd64_microsoft.windows.common-controls_6595b64144ccf1df_6.0.22621.3235_none_270f74e173860f98\COMCTL32.dll
0x00007ffada070000 - 0x00007ffada07a000 	C:\WINDOWS\SYSTEM32\VERSION.dll
0x00007ffae6b90000 - 0x00007ffae6bc1000 	C:\WINDOWS\System32\IMM32.DLL
0x00007ffac7b10000 - 0x00007ffac7b1c000 	C:\Program Files\Java\jdk-21\bin\vcruntime140_1.dll
0x00007ffab2b00000 - 0x00007ffab2b8e000 	C:\Program Files\Java\jdk-21\bin\msvcp140.dll
0x00007ffa8f6f0000 - 0x00007ffa90403000 	C:\Program Files\Java\jdk-21\bin\server\jvm.dll
0x00007ffae7130000 - 0x00007ffae71a1000 	C:\WINDOWS\System32\WS2_32.dll
0x00007ffae5e40000 - 0x00007ffae5e8d000 	C:\WINDOWS\SYSTEM32\POWRPROF.dll
0x00007ffadb2d0000 - 0x00007ffadb304000 	C:\WINDOWS\SYSTEM32\WINMM.dll
0x00007ffae5e20000 - 0x00007ffae5e33000 	C:\WINDOWS\SYSTEM32\UMPDC.dll
0x00007ffae4f70000 - 0x00007ffae4f88000 	C:\WINDOWS\SYSTEM32\kernel.appcore.dll
0x00007ffae2b00000 - 0x00007ffae2b0a000 	C:\Program Files\Java\jdk-21\bin\jimage.dll
0x00007ffae3400000 - 0x00007ffae3633000 	C:\WINDOWS\SYSTEM32\DBGHELP.DLL
0x00007ffae87a0000 - 0x00007ffae8b28000 	C:\WINDOWS\System32\combase.dll
0x00007ffae7f40000 - 0x00007ffae8017000 	C:\WINDOWS\System32\OLEAUT32.dll
0x00007ffacdd10000 - 0x00007ffacdd42000 	C:\WINDOWS\SYSTEM32\dbgcore.DLL
0x00007ffae6470000 - 0x00007ffae64ea000 	C:\WINDOWS\System32\bcryptPrimitives.dll
0x00007ffada1d0000 - 0x00007ffada1ef000 	C:\Program Files\Java\jdk-21\bin\java.dll
0x00007ffae7550000 - 0x00007ffae7dad000 	C:\WINDOWS\System32\SHELL32.dll
0x00007ffae3e80000 - 0x00007ffae4778000 	C:\WINDOWS\SYSTEM32\windows.storage.dll
0x00007ffae3d40000 - 0x00007ffae3e7e000 	C:\WINDOWS\SYSTEM32\wintypes.dll
0x00007ffae7280000 - 0x00007ffae7373000 	C:\WINDOWS\System32\SHCORE.dll
0x00007ffae8620000 - 0x00007ffae867e000 	C:\WINDOWS\System32\shlwapi.dll
0x00007ffae5ea0000 - 0x00007ffae5ec6000 	C:\WINDOWS\SYSTEM32\profapi.dll
0x00007ffab3530000 - 0x00007ffab3607000 	C:\Program Files\Java\jdk-21\bin\jsvml.dll
0x00007ffaa8f10000 - 0x00007ffaa909f000 	C:\Program Files\Java\jdk-21\bin\awt.dll
0x00007ffae2cd0000 - 0x00007ffae2d67000 	C:\WINDOWS\SYSTEM32\apphelp.dll
0x00007ffae3300000 - 0x00007ffae332b000 	C:\WINDOWS\system32\DWMAPI.DLL
0x00007ffae3070000 - 0x00007ffae311b000 	C:\WINDOWS\system32\uxtheme.dll
0x00007ffaa8d50000 - 0x00007ffaa8e50000 	C:\WINDOWS\system32\opengl32.dll
0x00007ffac7ae0000 - 0x00007ffac7b0d000 	C:\WINDOWS\SYSTEM32\GLU32.dll
0x00007ffae3190000 - 0x00007ffae31c9000 	C:\WINDOWS\SYSTEM32\dxcore.dll
0x00007ffae8020000 - 0x00007ffae8174000 	C:\WINDOWS\System32\MSCTF.dll
0x00007ffae6d00000 - 0x00007ffae6e9f000 	C:\WINDOWS\System32\ole32.dll
0x00007ffac6bc0000 - 0x00007ffac6bd8000 	C:\Program Files\Java\jdk-21\bin\zip.dll
0x00007ffaaec30000 - 0x00007ffaaecb7000 	C:\Program Files\Java\jdk-21\bin\freetype.dll
0x00007ffaae040000 - 0x00007ffaae113000 	C:\Program Files\Java\jdk-21\bin\fontmanager.dll
0x00007ffac4280000 - 0x00007ffac43ca000 	C:\WINDOWS\SYSTEM32\textinputframework.dll
0x00007ffab5910000 - 0x00007ffab5979000 	C:\WINDOWS\system32\Oleacc.dll
0x00007ffae6fc0000 - 0x00007ffae7070000 	C:\WINDOWS\System32\clbcatq.dll
0x00007ffacd0d0000 - 0x00007ffacd11b000 	C:\WINDOWS\system32\ApplicationTargetedFeatureDatabase.dll
0x00007ffadad70000 - 0x00007ffadafff000 	C:\Windows\System32\twinapi.appcore.dll
0x00007ffae28f0000 - 0x00007ffae2a24000 	C:\WINDOWS\SYSTEM32\CoreMessaging.dll
0x00007ffadf500000 - 0x00007ffadf86c000 	C:\WINDOWS\SYSTEM32\CoreUIComponents.dll
0x00007ffae55e0000 - 0x00007ffae55ec000 	C:\WINDOWS\SYSTEM32\CRYPTBASE.DLL

dbghelp: loaded successfully - version: 4.0.5 - missing functions: none
symbol engine: initialized successfully - sym options: 0x614 - pdb path: .;C:\Program Files\Java\jdk-21\bin;C:\WINDOWS\SYSTEM32;C:\WINDOWS\WinSxS\amd64_microsoft.windows.common-controls_6595b64144ccf1df_6.0.22621.3235_none_270f74e173860f98;C:\Program Files\Java\jdk-21\bin\server

VM Arguments:
jvm_args: -Dfile.encoding=UTF-8 -Dstdout.encoding=UTF-8 -Dstderr.encoding=UTF-8 -XX:+ShowCodeDetailsInExceptionMessages 
java_command: SnakeGame.SnakeGame
java_class_path (initial): C:\Users\tarun\git\Snakegame\SnakeGame\bin
Launcher Type: SUN_STANDARD

[Global flags]
     intx CICompilerCount                          = 4                                         {product} {ergonomic}
     uint ConcGCThreads                            = 3                                         {product} {ergonomic}
     uint G1ConcRefinementThreads                  = 10                                        {product} {ergonomic}
   size_t G1HeapRegionSize                         = 1048576                                   {product} {ergonomic}
    uintx GCDrainStackTargetSize                   = 64                                        {product} {ergonomic}
   size_t InitialHeapSize                          = 130023424                                 {product} {ergonomic}
   size_t MarkStackSize                            = 4194304                                   {product} {ergonomic}
   size_t MaxHeapSize                              = 2071986176                                {product} {ergonomic}
   size_t MaxNewSize                               = 1242562560                                {product} {ergonomic}
   size_t MinHeapDeltaBytes                        = 1048576                                   {product} {ergonomic}
   size_t MinHeapSize                              = 8388608                                   {product} {ergonomic}
    uintx NonNMethodCodeHeapSize                   = 5839372                                {pd product} {ergonomic}
    uintx NonProfiledCodeHeapSize                  = 122909434                              {pd product} {ergonomic}
    uintx ProfiledCodeHeapSize                     = 122909434                              {pd product} {ergonomic}
    uintx ReservedCodeCacheSize                    = 251658240                              {pd product} {ergonomic}
     bool SegmentedCodeCache                       = true                                      {product} {ergonomic}
     bool ShowCodeDetailsInExceptionMessages       = true                                   {manageable} {command line}
   size_t SoftMaxHeapSize                          = 2071986176                             {manageable} {ergonomic}
     bool UseCompressedOops                        = true                           {product lp64_product} {ergonomic}
     bool UseG1GC                                  = true                                      {product} {ergonomic}
     bool UseLargePagesIndividualAllocation        = false                                  {pd product} {ergonomic}

Logging:
Log output configuration:
 #0: stdout all=warning uptime,level,tags foldmultilines=false
 #1: stderr all=off uptime,level,tags foldmultilines=false

Environment Variables:
PATH=C:/Program Files/Java/jdk-21/bin/server;C:/Program Files/Java/jdk-21/bin;C:\Windows\SysWOW64\wbem;C:\Program Files\MySQL\MySQL Shell 8.0\bin\;C:\Users\tarun\AppData\Local\Programs\Microsoft VS Code\bin;C:\Windows\System32;C:\Users\tarun\AppData\Roaming\npm;C:\Users\tarun\Desktop;
USERNAME=tarun
OS=Windows_NT
PROCESSOR_IDENTIFIER=Intel64 Family 6 Model 154 Stepping 4, GenuineIntel
TMP=C:\Users\tarun\AppData\Local\Temp
TEMP=C:\Users\tarun\AppData\Local\Temp




---------------  S Y S T E M  ---------------

OS:
 Windows 11 , 64 bit Build 22621 (10.0.22621.3235)
OS uptime: 10 days 23:53 hours
Hyper-V role detected

CPU: total 12 (initial active 12) (6 cores per cpu, 2 threads per core) family 6 model 154 stepping 4 microcode 0x42c, cx8, cmov, fxsr, ht, mmx, 3dnowpref, sse, sse2, sse3, ssse3, sse4.1, sse4.2, popcnt, lzcnt, tsc, tscinvbit, avx, avx2, aes, erms, clmul, bmi1, bmi2, adx, sha, fma, vzeroupper, clflush, clflushopt, clwb, hv, serialize, rdtscp, rdpid, fsrm, f16c, cet_ibt, cet_ss
Processor Information for processor 0
  Max Mhz: 1300, Current Mhz: 1300, Mhz Limit: 1300
Processor Information for processor 1
  Max Mhz: 1300, Current Mhz: 1300, Mhz Limit: 1300
Processor Information for processor 2
  Max Mhz: 1300, Current Mhz: 1300, Mhz Limit: 1300
Processor Information for processor 3
  Max Mhz: 1300, Current Mhz: 1300, Mhz Limit: 1300
Processor Information for processor 4
  Max Mhz: 1300, Current Mhz: 900, Mhz Limit: 897
Processor Information for processor 5
  Max Mhz: 1300, Current Mhz: 900, Mhz Limit: 897
Processor Information for processor 6
  Max Mhz: 1300, Current Mhz: 900, Mhz Limit: 897
Processor Information for processor 7
  Max Mhz: 1300, Current Mhz: 900, Mhz Limit: 897
Processor Information for processor 8
  Max Mhz: 1300, Current Mhz: 900, Mhz Limit: 897
Processor Information for processor 9
  Max Mhz: 1300, Current Mhz: 900, Mhz Limit: 897
Processor Information for processor 10
  Max Mhz: 1300, Current Mhz: 900, Mhz Limit: 897
Processor Information for processor 11
  Max Mhz: 1300, Current Mhz: 900, Mhz Limit: 897

Memory: 4k page, system-wide physical 7903M (358M free)
TotalPageFile size 32479M (AvailPageFile size 1M)
current process WorkingSet (physical memory assigned to process): 22M, peak: 80M
current process commit charge ("private bytes"): 223M, peak: 236M

vm_info: Java HotSpot(TM) 64-Bit Server VM (21+35-LTS-2513) for windows-amd64 JRE (21+35-LTS-2513), built on 2023-08-09T20:25:10Z by "mach5one" with MS VC++ 17.1 (VS2022)

END.
